<?xml version="1.0" encoding="UTF-8"?>
<testsuites>
  <testsuite name="C:\Users\jizel\OneDrive\Bureau\arg\Esprit-PIDEV-3A37-2526-Agrimans\tests\Entity" tests="20" assertions="40" errors="0" warnings="0" failures="0" skipped="0" time="0.017436">
    <testsuite name="App\Tests\Entity\AnimalNourritureTest" file="C:\Users\jizel\OneDrive\Bureau\arg\Esprit-PIDEV-3A37-2526-Agrimans\tests\Entity\AnimalNourritureTest.php" tests="3" assertions="7" errors="0" warnings="0" failures="0" skipped="0" time="0.013679">
      <testcase name="testFeedingRecordLinksAnimalAndNourriture" class="App\Tests\Entity\AnimalNourritureTest" classname="App.Tests.Entity.AnimalNourritureTest" file="C:\Users\jizel\OneDrive\Bureau\arg\Esprit-PIDEV-3A37-2526-Agrimans\tests\Entity\AnimalNourritureTest.php" line="12" assertions="4" time="0.012679"/>
      <testcase name="testFeedingDateIsRecorded" class="App\Tests\Entity\AnimalNourritureTest" classname="App.Tests.Entity.AnimalNourritureTest" file="C:\Users\jizel\OneDrive\Bureau\arg\Esprit-PIDEV-3A37-2526-Agrimans\tests\Entity\AnimalNourritureTest.php" line="29" assertions="1" time="0.000213"/>
      <testcase name="testBidirectionalRegistration" class="App\Tests\Entity\AnimalNourritureTest" classname="App.Tests.Entity.AnimalNourritureTest" file="C:\Users\jizel\OneDrive\Bureau\arg\Esprit-PIDEV-3A37-2526-Agrimans\tests\Entity\AnimalNourritureTest.php" line="38" assertions="2" time="0.000787"/>
    </testsuite>
    <testsuite name="App\Tests\Entity\AnimalTest" file="C:\Users\jizel\OneDrive\Bureau\arg\Esprit-PIDEV-3A37-2526-Agrimans\tests\Entity\AnimalTest.php" tests="10" assertions="19" errors="0" warnings="0" failures="0" skipped="0" time="0.002456">
      <testcase name="testCreateAnimalWithCoreFields" class="App\Tests\Entity\AnimalTest" classname="App.Tests.Entity.AnimalTest" file="C:\Users\jizel\OneDrive\Bureau\arg\Esprit-PIDEV-3A37-2526-Agrimans\tests\Entity\AnimalTest.php" line="12" assertions="5" time="0.000125"/>
      <testcase name="testFrenchAndEnglishApiAreAliases" class="App\Tests\Entity\AnimalTest" classname="App.Tests.Entity.AnimalTest" file="C:\Users\jizel\OneDrive\Bureau\arg\Esprit-PIDEV-3A37-2526-Agrimans\tests\Entity\AnimalTest.php" line="28" assertions="5" time="0.000117"/>
      <testcase name="testNewAnimalIsNotArchived" class="App\Tests\Entity\AnimalTest" classname="App.Tests.Entity.AnimalTest" file="C:\Users\jizel\OneDrive\Bureau\arg\Esprit-PIDEV-3A37-2526-Agrimans\tests\Entity\AnimalTest.php" line="40" assertions="2" time="0.001040"/>
      <testcase name="testSoftDeleteMarksArchived" class="App\Tests\Entity\AnimalTest" classname="App.Tests.Entity.AnimalTest" file="C:\Users\jizel\OneDrive\Bureau\arg\Esprit-PIDEV-3A37-2526-Agrimans\tests\Entity\AnimalTest.php" line="47" assertions="1" time="0.000473"/>
      <testcase name="testRestoreFromArchive" class="App\Tests\Entity\AnimalTest" classname="App.Tests.Entity.AnimalTest" file="C:\Users\jizel\OneDrive\Bureau\arg\Esprit-PIDEV-3A37-2526-Agrimans\tests\Entity\AnimalTest.php" line="54" assertions="1" time="0.000128"/>
      <testcase name="testAnimalNourrituresCollectionStartsEmpty" class="App\Tests\Entity\AnimalTest" classname="App.Tests.Entity.AnimalTest" file="C:\Users\jizel\OneDrive\Bureau\arg\Esprit-PIDEV-3A37-2526-Agrimans\tests\Entity\AnimalTest.php" line="62" assertions="1" time="0.000116"/>
      <testcase name="testAddAnimalNourritureIsIdempotent" class="App\Tests\Entity\AnimalTest" classname="App.Tests.Entity.AnimalTest" file="C:\Users\jizel\OneDrive\Bureau\arg\Esprit-PIDEV-3A37-2526-Agrimans\tests\Entity\AnimalTest.php" line="68" assertions="1" time="0.000115"/>
      <testcase name="testRemoveAnimalNourriture" class="App\Tests\Entity\AnimalTest" classname="App.Tests.Entity.AnimalTest" file="C:\Users\jizel\OneDrive\Bureau\arg\Esprit-PIDEV-3A37-2526-Agrimans\tests\Entity\AnimalTest.php" line="79" assertions="1" time="0.000115"/>
      <testcase name="testDateNaissanceIsImmutable" class="App\Tests\Entity\AnimalTest" classname="App.Tests.Entity.AnimalTest" file="C:\Users\jizel\OneDrive\Bureau\arg\Esprit-PIDEV-3A37-2526-Agrimans\tests\Entity\AnimalTest.php" line="89" assertions="1" time="0.000116"/>
      <testcase name="testUserIdOwnership" class="App\Tests\Entity\AnimalTest" classname="App.Tests.Entity.AnimalTest" file="C:\Users\jizel\OneDrive\Bureau\arg\Esprit-PIDEV-3A37-2526-Agrimans\tests\Entity\AnimalTest.php" line="97" assertions="1" time="0.000111"/>
    </testsuite>
    <testsuite name="App\Tests\Entity\NourritureTest" file="C:\Users\jizel\OneDrive\Bureau\arg\Esprit-PIDEV-3A37-2526-Agrimans\tests\Entity\NourritureTest.php" tests="7" assertions="14" errors="0" warnings="0" failures="0" skipped="0" time="0.001301">
      <testcase name="testCoreFields" class="App\Tests\Entity\NourritureTest" classname="App.Tests.Entity.NourritureTest" file="C:\Users\jizel\OneDrive\Bureau\arg\Esprit-PIDEV-3A37-2526-Agrimans\tests\Entity\NourritureTest.php" line="10" assertions="5" time="0.000120"/>
      <testcase name="testCostIsStoredAsStringDecimal" class="App\Tests\Entity\NourritureTest" classname="App.Tests.Entity.NourritureTest" file="C:\Users\jizel\OneDrive\Bureau\arg\Esprit-PIDEV-3A37-2526-Agrimans\tests\Entity\NourritureTest.php" line="26" assertions="2" time="0.000588"/>
      <testcase name="testCostKeepsExactPrecision" class="App\Tests\Entity\NourritureTest" classname="App.Tests.Entity.NourritureTest" file="C:\Users\jizel\OneDrive\Bureau\arg\Esprit-PIDEV-3A37-2526-Agrimans\tests\Entity\NourritureTest.php" line="35" assertions="1" time="0.000122"/>
      <testcase name="testCostIsNullable" class="App\Tests\Entity\NourritureTest" classname="App.Tests.Entity.NourritureTest" file="C:\Users\jizel\OneDrive\Bureau\arg\Esprit-PIDEV-3A37-2526-Agrimans\tests\Entity\NourritureTest.php" line="43" assertions="2" time="0.000116"/>
      <testcase name="testCostCanRepresentLargeAmount" class="App\Tests\Entity\NourritureTest" classname="App.Tests.Entity.NourritureTest" file="C:\Users\jizel\OneDrive\Bureau\arg\Esprit-PIDEV-3A37-2526-Agrimans\tests\Entity\NourritureTest.php" line="52" assertions="1" time="0.000117"/>
      <testcase name="testExpiryDate" class="App\Tests\Entity\NourritureTest" classname="App.Tests.Entity.NourritureTest" file="C:\Users\jizel\OneDrive\Bureau\arg\Esprit-PIDEV-3A37-2526-Agrimans\tests\Entity\NourritureTest.php" line="60" assertions="1" time="0.000117"/>
      <testcase name="testNutritionalValueIsOptional" class="App\Tests\Entity\NourritureTest" classname="App.Tests.Entity.NourritureTest" file="C:\Users\jizel\OneDrive\Bureau\arg\Esprit-PIDEV-3A37-2526-Agrimans\tests\Entity\NourritureTest.php" line="69" assertions="2" time="0.000121"/>
    </testsuite>
  </testsuite>
</testsuites>
